<?xml version="1.0" encoding="UTF-8"?>
<!-- Generated by org.testng.reporters.JUnitReportReporter -->
<testsuite hostname="DESKTOP-I7TFLUD" failures="0" tests="4" name="api.test.UserTests" time="11.695" errors="0" timestamp="2024-03-07T15:00:50 IST" skipped="0">
  <testcase classname="api.test.UserTests" name="testPostUserApi" time="6.863"/>
  <testcase classname="api.test.UserTests" name="testGetUserApi" time="2.647"/>
  <testcase classname="api.test.UserTests" name="testUpdateUserApi" time="1.103"/>
  <testcase classname="api.test.UserTests" name="testDeleteUser" time="1.082"/>
</testsuite> <!-- api.test.UserTests -->
